time	ver	lines	tr_lines	pct_lines	words	tr_words	pct_words	add_lines	add_pct_lines	add_words	add_pct_words
2021/12/29
2020/12/29	231	82541	11362	13.765	779227	60028	7.704	47	0.057	836	0.107
2020/12/28	231	82541	11316	13.710	779227	59150	7.591
2020/12/25	231	81542	11016	13.510	776942	56996	7.336	115	0.141	1797	0.232
2020/12/24	231	81542	10980	13.465	776942	56084	7.219	37	0.045	923	0.119
2020/12/23	231	81542	10970	13.453	776942	55905	7.196
2020/12/18	231	81542	10970	13.453	776942	55905	7.196	1	0.001	2	0.0
2020/12/17	231	81542	10953	13.432	776942	55268	7.114	23	0.028	752	0.096
2020/12/16	231	81538	10898	13.366	776856	54121	6.967
2020/12/14	231	81530	10972	13.458	776795	54182	6.975	2	0.002	6	0.0
2020/12/11	231	81530	10956	13.438	776795	53831	6.930
2020/12/10	231	81530	10956	13.438	776795	53831	6.930	48	0.059	1305	0.168
2020/12/09	231	81530	10876	13.34	776795	51551	6.636
2020/12/08	231	81530	10856	13.315	776795	50682	6.525
2020/12/07	231	81530	10833	13.287	776795	50071	6.446	32	0.039	745	0.096
2020/12/06	231	81530	10824	13.276	776795	49937	6.429
2020/12/05	231	81530	10801	13.248	776795	49520	6.375	1	0.001	2
2020/12/04	231	81530	10766	13.205	776795	47969	6.175	46	0.057	1969	0.254
2020/12/03	231	81530	10749	13.184	776795	47544	6.121
2020/12/02	231	81530	10711	13.137	776795	46405	5.974
2020/12/01	231	81530	10685	13.106	776795	45828	5.900	61	0.075	1615	0.208
2020/11/30	231	81530	10615	13.02	776795	44005	5.665	51	0.063	1245	0.16
2020/11/29	231	81530	10598	12.999	776795	43544	5.606	23	0.028	208	0.027
2020/11/28	231	81530	10571	12.966	776795	43316	5.576